<?xml version="1.0" encoding="UTF-8"?>
<!-- Generated by org.testng.reporters.JUnitXMLReporter -->
<testsuite ignored="0" hostname="DESKTOP-NPBENJ3" failures="0" tests="3" name="Default test" time="0.055" errors="0" timestamp="2021-09-01T16:46:29 EDT">
  <testcase classname="testcases.LoginTest_DataProvider" name="doLogin" time="0.005"/>
  <testcase classname="testcases.LoginTest_DataProvider" name="doLogin" time="0.001"/>
  <testcase classname="testcases.LoginTest_DataProvider" name="doLogin" time="0.001"/>
</testsuite> <!-- Default test -->
