<?xml version="1.0" encoding="UTF-8"?>
<!-- Generated by org.testng.reporters.JUnitXMLReporter -->
<testsuite ignored="0" hostname="DESKTOP-NPBENJ3" failures="0" tests="3" name="SearchPhone Test" time="0.015" errors="0" timestamp="2021-09-01T17:38:12 EDT">
  <testcase classname="testcases.SearchAndBuyPhone" name="search" time="0.001"/>
  <testcase classname="testcases.SearchAndBuyPhone" name="selectPhone" time="0.001"/>
  <testcase classname="testcases.SearchAndBuyPhone" name="checkout" time="0.0"/>
</testsuite> <!-- SearchPhone Test -->
