<?xml version="1.0" encoding="UTF-8"?>
<!-- Generated by org.testng.reporters.JUnitXMLReporter -->
<testsuite ignored="0" hostname="DESKTOP-NPBENJ3" failures="1" tests="1" name="Hard Assertions Test" time="0.004" errors="0" timestamp="2021-09-01T18:04:12 EDT">
  <testcase classname="testcases.suitea.HardAssertTest" name="doLogin" time="0.001">
    <failure type="java.lang.AssertionError" message="Custom Err Message - 404 error">
      <![CDATA[java.lang.AssertionError: Custom Err Message - 404 error
at testcases.suitea.HardAssertTest.doLogin(HardAssertTest.java:16)
at java.base/java.util.ArrayList.forEach(ArrayList.java:1511)
... Removed 29 stack frames]]>
    </failure>
  </testcase> <!-- doLogin -->
</testsuite> <!-- Hard Assertions Test -->
