<?xml version="1.0" encoding="UTF-8"?>
<!-- Generated by org.testng.reporters.JUnitXMLReporter -->
<testsuite ignored="0" hostname="DESKTOP-NPBENJ3" failures="0" tests="3" name="DataProvider Test" time="0.013" errors="0" timestamp="2021-09-01T18:04:12 EDT">
  <testcase classname="testcases.suiteb.LoginTest_DataProvider" name="doLogin" time="0.001"/>
  <testcase classname="testcases.suiteb.LoginTest_DataProvider" name="doLogin" time="0.001"/>
  <testcase classname="testcases.suiteb.LoginTest_DataProvider" name="doLogin" time="0.0"/>
</testsuite> <!-- DataProvider Test -->
